<?xml version="1.0" encoding="UTF-8"?>
<!-- Generated by org.testng.reporters.JUnitReportReporter -->
<testsuite skipped="0" hostname="DESKTOP-HR5TD9H" name="co.downloadFileConcept.DownloadFile" tests="1" failures="0" timestamp="2020-09-05T11:46:03 IST" time="14.315" errors="0">
  <testcase name="downloadFileTest" time="14.315" classname="co.downloadFileConcept.DownloadFile"/>
  <system-out/>
</testsuite> <!-- co.downloadFileConcept.DownloadFile -->
