<?xml version="1.0" encoding="UTF-8"?>
<!-- Generated by org.testng.reporters.JUnitReportReporter -->
<testsuite skipped="0" hostname="DESKTOP-HR5TD9H" name="co.pdfreader.PDFReadeTest" tests="1" failures="0" timestamp="2020-09-05T11:44:26 IST" time="11.211" errors="0">
  <testcase name="readPdfTest" time="11.211" classname="co.pdfreader.PDFReadeTest"/>
  <system-out/>
</testsuite> <!-- co.pdfreader.PDFReadeTest -->
