<?xml version="1.0" encoding="UTF-8"?>
<!-- Generated by org.testng.reporters.JUnitReportReporter -->
<testsuite skipped="0" hostname="DESKTOP-HR5TD9H" name="co.webdriver.manager.api.WebDriverManagerAPI" tests="1" failures="0" timestamp="2020-09-05T11:40:39 IST" time="11.674" errors="0">
  <testcase name="test" time="11.674" classname="co.webdriver.manager.api.WebDriverManagerAPI"/>
  <system-out/>
</testsuite> <!-- co.webdriver.manager.api.WebDriverManagerAPI -->
