<?xml version="1.0" encoding="UTF-8"?>
<!-- Generated by org.testng.reporters.JUnitReportReporter -->
<testsuite skipped="0" hostname="DESKTOP-HR5TD9H" name="co.verbosetesng.FBTest" tests="3" failures="0" timestamp="2020-09-06T14:29:35 IST" time="32.414" errors="0">
  <testcase name="titleTest2" time="10.129" classname="co.verbosetesng.FBTest"/>
  <system-out/>
  <testcase name="titleTest1" time="11.628" classname="co.verbosetesng.FBTest"/>
  <system-out/>
  <testcase name="titleTest3" time="10.657" classname="co.verbosetesng.FBTest"/>
  <system-out/>
</testsuite> <!-- co.verbosetesng.FBTest -->
