<?xml version="1.0" encoding="UTF-8"?>
<!-- Generated by org.testng.reporters.JUnitReportReporter -->
<testsuite skipped="0" hostname="DESKTOP-HR5TD9H" name="co.singletonPattern.PageTest" tests="1" failures="0" timestamp="2020-09-05T11:43:46 IST" time="8.627" errors="0">
  <testcase name="test" time="8.627" classname="co.singletonPattern.PageTest"/>
  <system-out/>
</testsuite> <!-- co.singletonPattern.PageTest -->
