<?xml version="1.0" encoding="UTF-8"?>
<!-- Generated by org.testng.reporters.JUnitReportReporter -->
<testsuite skipped="0" hostname="DESKTOP-HR5TD9H" name="co.barcodescan.BarcodeAutomation" tests="1" failures="0" timestamp="2020-09-06T11:50:55 IST" time="19.621" errors="0">
  <testcase name="barcodeTest" time="19.621" classname="co.barcodescan.BarcodeAutomation"/>
  <system-out/>
</testsuite> <!-- co.barcodescan.BarcodeAutomation -->
